<?xml version="1.0" encoding="UTF-8"?>
<!-- Generated by org.testng.reporters.JUnitReportReporter -->
<testsuite hostname="DESKTOP-DQL2KEM" failures="0" tests="1" name="org.example.AppTest" time="0.000" errors="0" timestamp="2023-11-20T16:34:46 ART" skipped="0">
  <testcase classname="org.example.AppTest" name="testApp" time="0.000"/>
</testsuite> <!-- org.example.AppTest -->
