<?xml version="1.0" encoding="UTF-8"?>
<testsuite xmlns:xsi="http://www.w3.org/2001/XMLSchema-instance" xsi:noNamespaceSchemaLocation="https://maven.apache.org/surefire/maven-surefire-plugin/xsd/surefire-test-report-3.0.xsd" version="3.0" name="TestSuite" time="0.57" tests="2" errors="0" skipped="0" failures="0">
  <properties>
    <property name="java.specification.version" value="21"/>
    <property name="sun.cpu.isalist" value="amd64"/>
    <property name="sun.jnu.encoding" value="Cp1252"/>
    <property name="java.class.path" value="C:\Users\test\IdeaProjects\Solvd-Laba-Course\Solvd-Laba-Exercises\target\test-classes;C:\Users\test\IdeaProjects\Solvd-Laba-Course\Solvd-Laba-Exercises\target\classes;C:\Users\test\.m2\repository\junit\junit\3.8.1\junit-3.8.1.jar;C:\Users\test\.m2\repository\org\apache\logging\log4j\log4j-core\2.21.1\log4j-core-2.21.1.jar;C:\Users\test\.m2\repository\org\apache\logging\log4j\log4j-api\2.21.1\log4j-api-2.21.1.jar;C:\Users\test\.m2\repository\org\testng\testng\7.8.0\testng-7.8.0.jar;C:\Users\test\.m2\repository\org\slf4j\slf4j-api\1.7.36\slf4j-api-1.7.36.jar;C:\Users\test\.m2\repository\com\beust\jcommander\1.82\jcommander-1.82.jar;C:\Users\test\.m2\repository\org\webjars\jquery\3.6.1\jquery-3.6.1.jar;"/>
    <property name="java.vm.vendor" value="Oracle Corporation"/>
    <property name="sun.arch.data.model" value="64"/>
    <property name="user.variant" value=""/>
    <property name="java.vendor.url" value="https://java.oracle.com/"/>
    <property name="user.timezone" value="America/Buenos_Aires"/>
    <property name="os.name" value="Windows 10"/>
    <property name="java.vm.specification.version" value="21"/>
    <property name="sun.java.launcher" value="SUN_STANDARD"/>
    <property name="user.country" value="AR"/>
    <property name="sun.boot.library.path" value="C:\Program Files\Java\jdk-21\bin"/>
    <property name="sun.java.command" value="C:\Users\test\AppData\Local\Temp\surefire2234112846007080246\surefirebooter-20231120163445455_3.jar C:\Users\test\AppData\Local\Temp\surefire2234112846007080246 2023-11-20T16-34-45_360-jvmRun1 surefire-20231120163445455_1tmp surefire_0-20231120163445455_2tmp"/>
    <property name="jdk.debug" value="release"/>
    <property name="surefire.test.class.path" value="C:\Users\test\IdeaProjects\Solvd-Laba-Course\Solvd-Laba-Exercises\target\test-classes;C:\Users\test\IdeaProjects\Solvd-Laba-Course\Solvd-Laba-Exercises\target\classes;C:\Users\test\.m2\repository\junit\junit\3.8.1\junit-3.8.1.jar;C:\Users\test\.m2\repository\org\apache\logging\log4j\log4j-core\2.21.1\log4j-core-2.21.1.jar;C:\Users\test\.m2\repository\org\apache\logging\log4j\log4j-api\2.21.1\log4j-api-2.21.1.jar;C:\Users\test\.m2\repository\org\testng\testng\7.8.0\testng-7.8.0.jar;C:\Users\test\.m2\repository\org\slf4j\slf4j-api\1.7.36\slf4j-api-1.7.36.jar;C:\Users\test\.m2\repository\com\beust\jcommander\1.82\jcommander-1.82.jar;C:\Users\test\.m2\repository\org\webjars\jquery\3.6.1\jquery-3.6.1.jar;"/>
    <property name="sun.cpu.endian" value="little"/>
    <property name="user.home" value="C:\Users\test"/>
    <property name="user.language" value="es"/>
    <property name="java.specification.vendor" value="Oracle Corporation"/>
    <property name="java.version.date" value="2023-09-19"/>
    <property name="java.home" value="C:\Program Files\Java\jdk-21"/>
    <property name="file.separator" value="\"/>
    <property name="basedir" value="C:\Users\test\IdeaProjects\Solvd-Laba-Course\Solvd-Laba-Exercises"/>
    <property name="java.vm.compressedOopsMode" value="Zero based"/>
    <property name="line.separator" value="&#10;"/>
    <property name="java.vm.specification.vendor" value="Oracle Corporation"/>
    <property name="java.specification.name" value="Java Platform API Specification"/>
    <property name="surefire.real.class.path" value="C:\Users\test\AppData\Local\Temp\surefire2234112846007080246\surefirebooter-20231120163445455_3.jar"/>
    <property name="user.script" value=""/>
    <property name="sun.management.compiler" value="HotSpot 64-Bit Tiered Compilers"/>
    <property name="java.runtime.version" value="21+35-LTS-2513"/>
    <property name="user.name" value="test"/>
    <property name="stdout.encoding" value="Cp1252"/>
    <property name="path.separator" value=";"/>
    <property name="os.version" value="10.0"/>
    <property name="java.runtime.name" value="Java(TM) SE Runtime Environment"/>
    <property name="file.encoding" value="UTF-8"/>
    <property name="java.vm.name" value="Java HotSpot(TM) 64-Bit Server VM"/>
    <property name="localRepository" value="C:\Users\test\.m2\repository"/>
    <property name="java.vendor.url.bug" value="https://bugreport.java.com/bugreport/"/>
    <property name="java.io.tmpdir" value="C:\Users\test\AppData\Local\Temp\"/>
    <property name="java.version" value="21"/>
    <property name="user.dir" value="C:\Users\test\IdeaProjects\Solvd-Laba-Course\Solvd-Laba-Exercises"/>
    <property name="os.arch" value="amd64"/>
    <property name="java.vm.specification.name" value="Java Virtual Machine Specification"/>
    <property name="sun.os.patch.level" value=""/>
    <property name="native.encoding" value="Cp1252"/>
    <property name="java.library.path" value="C:\Program Files\Java\jdk-21\bin;C:\Windows\Sun\Java\bin;C:\Windows\system32;C:\Windows;C:\Program Files\Common Files\Oracle\Java\javapath;C:\Windows\system32;C:\Windows;C:\Windows\System32\Wbem;C:\Windows\System32\WindowsPowerShell\v1.0\;C:\Windows\System32\OpenSSH\;C:\ProgramData\chocolatey\bin;C:\Program Files\dotnet\;C:\Program Files\Docker\Docker\resources\bin;C:\Program Files\nodejs\;C:\Program Files\Git\cmd;C:\Users\test\AppData\Roaming\nvm;C:\Program Files\nodejs;C:\Program Files\Java\apache-maven-3.9.5\bin;C:\Users\test\AppData\Local\Programs\Python\Python312\Scripts\;C:\Users\test\AppData\Local\Programs\Python\Python312\;C:\Users\test\AppData\Local\Programs\Python\Launcher\;C:\Users\test\AppData\Local\Microsoft\WindowsApps;C:\Users\test\.dotnet\tools;C:\Users\test\AppData\Roaming\npm;C:\Users\test\AppData\Local\Microsoft\WinGet\Links;C:\Users\test\AppData\Local\JetBrains\Toolbox\scripts;C:\Users\test\AppData\Roaming\nvm;C:\Program Files\nodejs;C:\Users\test\AppData\Local\Programs\Microsoft VS Code\bin;C:\Users\test\AppData\Local\Programs\VSCodium\bin;C:\Users\test\.dotnet\tools;C:\Program Files\Java\apache-maven-3.9.5\bin;;."/>
    <property name="java.vm.info" value="mixed mode, sharing"/>
    <property name="stderr.encoding" value="Cp1252"/>
    <property name="java.vendor" value="Oracle Corporation"/>
    <property name="java.vm.version" value="21+35-LTS-2513"/>
    <property name="sun.io.unicode.encoding" value="UnicodeLittle"/>
    <property name="java.class.version" value="65.0"/>
  </properties>
  <testcase name="testCustomLinkedList" classname="customLinkedList.CustomLinkedListTest" time="0.253">
    <system-out><![CDATA[	Vehicle{brand='Ferrari', color='null', model='null', year=0, price=0.0}
	Vehicle{brand='Ford', color='null', model='null', year=0, price=0.0}
	Vehicle{brand='Ford', color='null', model='null', year=0, price=0.0}
	Car{numberOfDoors=0, numberPassengers=0}
]]></system-out>
    <system-err><![CDATA[SLF4J: Failed to load class "org.slf4j.impl.StaticLoggerBinder".
SLF4J: Defaulting to no-operation (NOP) logger implementation
SLF4J: See http://www.slf4j.org/codes.html#StaticLoggerBinder for further details.
]]></system-err>
  </testcase>
  <testcase name="testApp on testApp(org.example.AppTest)" classname="org.example.AppTest" time="0.333"/>
</testsuite>