<?xml version="1.0" encoding="UTF-8"?>
<!-- Generated by org.testng.reporters.JUnitReportReporter -->
<testsuite hostname="DESKTOP-DQL2KEM" failures="0" tests="1" name="customLinkedList.CustomLinkedListTest" time="0.252" errors="0" timestamp="2023-11-20T16:34:46 ART" skipped="0">
  <testcase classname="customLinkedList.CustomLinkedListTest" name="testCustomLinkedList" time="0.252"/>
</testsuite> <!-- customLinkedList.CustomLinkedListTest -->
